<?xml version="1.0" encoding="UTF-8"?>
<!-- Generated by org.testng.reporters.JUnitReportReporter -->
<testsuite hostname="DESKTOP-CLNTO3U" name="com.pack.com.ranford.TestExecution" tests="8" failures="0" timestamp="27 Oct 2017 03:39:26 GMT" time="31.543" errors="0">
  <testcase name="Verifylogin" time="2.529" classname="com.pack.com.ranford.TestExecution"/>
  <testcase name="VerifyNewRole" time="3.661" classname="com.pack.com.ranford.TestExecution"/>
  <testcase name="VerifyEmpCreation" time="8.870" classname="com.pack.com.ranford.TestExecution"/>
  <testcase name="Verifynewbranche" time="4.163" classname="com.pack.com.ranford.TestExecution"/>
  <testcase name="Verifysearchbranches" time="2.394" classname="com.pack.com.ranford.TestExecution"/>
  <testcase name="Verifybrowserclose" time="1.435" classname="com.pack.com.ranford.TestExecution"/>
  <testcase name="Verifybranches" time="0.921" classname="com.pack.com.ranford.TestExecution"/>
  <testcase name="Verifybrowserlaunch" time="7.570" classname="com.pack.com.ranford.TestExecution"/>
</testsuite> <!-- com.pack.com.ranford.TestExecution -->
