<?xml version="1.0" encoding="UTF-8"?>
<!-- Generated by org.testng.reporters.JUnitReportReporter -->
<testsuite hostname="DESKTOP-CLNTO3U" name="com.pack.com.ranford.AppTest" tests="1" failures="0" timestamp="27 Oct 2017 03:39:26 GMT" time="0.001" errors="0">
  <testcase name="testApp" time="0.001" classname="com.pack.com.ranford.AppTest"/>
</testsuite> <!-- com.pack.com.ranford.AppTest -->
